\BOOKMARK [0][-]{chapter.1}{\376\377\000I\000n\000t\000r\000o\000d\000u\000z\000i\000o\000n\000e\000\040\000a\000l\000l\000a\000\040\000c\000h\000i\000m\000i\000c\000a\000\040\000e\000\040\000p\000r\000o\000p\000r\000i\000e\000t\000\340\000\040\000d\000e\000l\000l\000a\000\040\000m\000a\000t\000e\000r\000i\000a}{}% 1
\BOOKMARK [1][-]{section.1.1}{\376\377\000S\000t\000a\000t\000i\000\040\000a\000g\000g\000r\000e\000g\000a\000z\000i\000o\000n\000e\000\040\000d\000e\000l\000l\000a\000\040\000m\000a\000t\000e\000r\000i\000a}{chapter.1}% 2
\BOOKMARK [1][-]{section.1.2}{\376\377\000P\000r\000o\000p\000r\000i\000e\000t\000\340\000\040\000d\000e\000l\000l\000a\000\040\000m\000a\000t\000e\000r\000i\000a}{chapter.1}% 3
\BOOKMARK [1][-]{section.1.3}{\376\377\000C\000o\000m\000p\000o\000s\000i\000z\000i\000o\000n\000e\000\040\000d\000e\000l\000l\000a\000\040\000m\000a\000t\000e\000r\000i\000a}{chapter.1}% 4
\BOOKMARK [1][-]{section.1.4}{\376\377\000T\000e\000o\000r\000i\000a\000\040\000a\000t\000o\000m\000i\000c\000a\000\040\000d\000i\000\040\000D\000a\000l\000t\000o\000n}{chapter.1}% 5
\BOOKMARK [1][-]{section.1.5}{\376\377\000S\000c\000o\000p\000e\000r\000t\000a\000\040\000d\000e\000l\000l\000e\000\040\000p\000a\000r\000t\000i\000c\000e\000l\000l\000e\000\040\000s\000u\000b\000-\000a\000t\000o\000m\000i\000c\000h\000e\000:\000\040\000r\000a\000g\000g\000i\000\040\000c\000a\000t\000o\000d\000i\000c\000i}{chapter.1}% 6
\BOOKMARK [1][-]{section.1.6}{\376\377\000S\000i\000m\000b\000o\000l\000o\000\040\000a\000t\000o\000m\000i\000c\000o\000,\000\040\000n\000u\000m\000e\000r\000o\000\040\000a\000t\000o\000m\000i\000c\000o\000\040\000e\000\040\000n\000u\000m\000e\000r\000o\000\040\000d\000i\000\040\000m\000a\000s\000s\000a}{chapter.1}% 7
\BOOKMARK [1][-]{section.1.7}{\376\377\000I\000s\000o\000t\000o\000p\000i}{chapter.1}% 8
\BOOKMARK [1][-]{section.1.8}{\376\377\000T\000e\000o\000r\000i\000a\000\040\000a\000t\000o\000m\000i\000c\000a\000\040\000m\000o\000d\000e\000r\000n\000a}{chapter.1}% 9
\BOOKMARK [1][-]{section.1.9}{\376\377\000T\000e\000c\000n\000i\000c\000h\000e\000\040\000d\000i\000\040\000s\000e\000p\000a\000r\000a\000z\000i\000o\000n\000e\000\040\000f\000o\000n\000d\000a\000m\000e\000n\000t\000a\000l\000i}{chapter.1}% 10
\BOOKMARK [1][-]{section.1.10}{\376\377\000A\000t\000o\000m\000i\000\040\000e\000\040\000m\000o\000l\000e\000c\000o\000l\000e}{chapter.1}% 11
\BOOKMARK [0][-]{chapter.2}{\376\377\000S\000t\000e\000c\000h\000i\000o\000m\000e\000t\000r\000i\000a}{}% 12
\BOOKMARK [1][-]{section.2.1}{\376\377\000F\000o\000r\000m\000u\000l\000e\000\040\000c\000h\000i\000m\000i\000c\000h\000e}{chapter.2}% 13
\BOOKMARK [1][-]{section.2.2}{\376\377\000S\000t\000u\000d\000i\000o\000\040\000d\000e\000l\000l\000e\000\040\000r\000e\000l\000a\000z\000i\000o\000n\000i\000\040\000d\000i\000\040\000m\000a\000s\000s\000a\000\040\000i\000n\000\040\000c\000h\000i\000m\000i\000c\000a}{chapter.2}% 14
\BOOKMARK [1][-]{section.2.3}{\376\377\000M\000o\000l\000e}{chapter.2}% 15
\BOOKMARK [1][-]{section.2.4}{\376\377\000M\000a\000s\000s\000a\000\040\000m\000o\000l\000a\000r\000e}{chapter.2}% 16
\BOOKMARK [1][-]{section.2.5}{\376\377\000P\000e\000r\000c\000e\000n\000t\000u\000a\000l\000e\000\040\000i\000n\000\040\000m\000a\000s\000s\000a\000\040\000d\000e\000l\000l\000a\000\040\000f\000o\000r\000m\000u\000l\000a\000\040\000c\000h\000i\000m\000i\000c\000a}{chapter.2}% 17
\BOOKMARK [1][-]{section.2.6}{\376\377\000F\000o\000r\000m\000u\000l\000e\000\040\000e\000m\000p\000i\000r\000i\000c\000h\000e}{chapter.2}% 18
\BOOKMARK [1][-]{section.2.7}{\376\377\000F\000o\000r\000m\000u\000l\000a\000\040\000m\000o\000l\000e\000c\000o\000l\000a\000r\000e}{chapter.2}% 19
\BOOKMARK [1][-]{section.2.8}{\376\377\000E\000q\000u\000a\000z\000i\000o\000n\000i\000\040\000c\000h\000i\000m\000i\000c\000h\000e}{chapter.2}% 20
\BOOKMARK [1][-]{section.2.9}{\376\377\000B\000i\000l\000a\000n\000c\000i\000a\000r\000e\000\040\000u\000n\000'\000e\000q\000u\000a\000z\000i\000o\000n\000e\000\040\000c\000h\000i\000m\000i\000c\000a}{chapter.2}% 21
\BOOKMARK [1][-]{section.2.10}{\376\377\000C\000a\000l\000c\000o\000l\000i\000\040\000s\000t\000e\000c\000h\000i\000o\000m\000e\000t\000r\000i\000c\000i}{chapter.2}% 22
\BOOKMARK [1][-]{section.2.11}{\376\377\000R\000e\000a\000z\000i\000o\000n\000i\000\040\000i\000n\000\040\000s\000e\000q\000u\000e\000n\000z\000a}{chapter.2}% 23
\BOOKMARK [1][-]{section.2.12}{\376\377\000R\000e\000a\000g\000e\000n\000t\000i\000\040\000l\000i\000m\000i\000t\000a\000n\000t\000i}{chapter.2}% 24
\BOOKMARK [1][-]{section.2.13}{\376\377\000R\000e\000s\000a}{chapter.2}% 25
\BOOKMARK [1][-]{section.2.14}{\376\377\000P\000e\000r\000c\000e\000n\000t\000u\000a\000l\000e\000\040\000i\000n\000\040\000m\000a\000s\000s\000a\000\040\000d\000a\000l\000l\000a\000\040\000f\000o\000r\000m\000u\000l\000a\000\040\000c\000h\000i\000m\000i\000c\000a}{chapter.2}% 26
\BOOKMARK [1][-]{section.2.15}{\376\377\000F\000o\000r\000m\000u\000l\000e\000\040\000e\000m\000p\000i\000r\000i\000c\000h\000e\000\040\000e\000\040\000m\000o\000l\000e\000c\000o\000l\000a\000r\000i}{chapter.2}% 27
\BOOKMARK [1][-]{section.2.16}{\376\377\000D\000e\000t\000e\000r\000m\000i\000n\000a\000r\000e\000\040\000l\000a\000\040\000f\000o\000r\000m\000u\000l\000a\000\040\000m\000o\000l\000e\000c\000o\000l\000a\000r\000e}{chapter.2}% 28
\BOOKMARK [1][-]{section.2.17}{\376\377\000E\000q\000u\000a\000z\000i\000o\000n\000i\000\040\000c\000h\000i\000m\000i\000c\000h\000e}{chapter.2}% 29
\BOOKMARK [1][-]{section.2.18}{\376\377\000R\000e\000a\000z\000i\000o\000n\000i\000\040\000i\000n\000\040\000s\000e\000q\000u\000e\000n\000z\000a}{chapter.2}% 30
\BOOKMARK [0][-]{chapter.3}{\376\377\000S\000t\000r\000u\000t\000t\000u\000r\000a\000\040\000e\000l\000e\000t\000t\000r\000o\000n\000i\000c\000a\000\040\000d\000e\000g\000l\000i\000\040\000a\000t\000o\000m\000i}{}% 31
\BOOKMARK [1][-]{section.3.1}{\376\377\000D\000e\000b\000o\000l\000e\000z\000z\000e\000\040\000m\000o\000d\000e\000l\000l\000o\000\040\000p\000l\000a\000n\000e\000t\000a\000r\000i\000o\000\040\000a\000t\000o\000m\000o}{chapter.3}% 32
\BOOKMARK [1][-]{section.3.2}{\376\377\000L\000u\000c\000e}{chapter.3}% 33
\BOOKMARK [1][-]{section.3.3}{\376\377\000R\000a\000d\000i\000a\000z\000i\000o\000n\000e\000\040\000d\000i\000\040\000c\000o\000r\000p\000o\000\040\000n\000e\000r\000o\000\040\000e\000\040\000q\000u\000a\000n\000t\000i\000z\000z\000a\000z\000i\000o\000n\000e\000\040\000d\000e\000l\000l\000'\000e\000n\000e\000r\000g\000i\000a}{chapter.3}% 34
\BOOKMARK [1][-]{section.3.4}{\376\377\000Q\000u\000a\000n\000t\000i\000z\000z\000a\000z\000i\000o\000n\000e\000\040\000d\000e\000l\000l\000'\000e\000n\000e\000r\000g\000i\000a}{chapter.3}% 35
\BOOKMARK [1][-]{section.3.5}{\376\377\000E\000f\000f\000e\000t\000t\000o\000\040\000f\000o\000t\000o\000e\000l\000e\000t\000t\000r\000i\000c\000o\000\040\000e\000\040\000f\000o\000t\000o\000n\000i}{chapter.3}% 36
\BOOKMARK [1][-]{section.3.6}{\376\377\000S\000p\000e\000t\000t\000r\000o\000\040\000a\000\040\000r\000i\000g\000h\000e\000\040\000d\000e\000l\000l\000'\000i\000d\000r\000o\000g\000e\000n\000o}{chapter.3}% 37
\BOOKMARK [1][-]{section.3.7}{\376\377\000D\000u\000a\000l\000i\000s\000m\000o\000\040\000o\000n\000d\000a\000\040\000p\000a\000r\000t\000i\000c\000e\000l\000l\000a\000\040\000d\000i\000\040\000m\000a\000t\000e\000r\000i\000a\000\040\000e\000\040\000e\000n\000e\000r\000g\000i\000a}{chapter.3}% 38
\BOOKMARK [1][-]{section.3.8}{\376\377\000P\000r\000i\000n\000c\000i\000p\000i\000o\000\040\000d\000i\000\040\000i\000n\000d\000e\000t\000e\000r\000m\000i\000n\000a\000z\000i\000o\000n\000e\000\040\000d\000i\000\040\000H\000e\000i\000s\000e\000n\000b\000e\000r\000g}{chapter.3}% 39
\BOOKMARK [1][-]{section.3.9}{\376\377\000I\000l\000\040\000m\000o\000d\000e\000l\000l\000o\000\040\000q\000u\000a\000n\000t\000o\000m\000e\000c\000c\000a\000n\000i\000c\000o\000\040\000d\000e\000l\000l\000'\000a\000t\000o\000m\000o}{chapter.3}% 40
\BOOKMARK [1][-]{section.3.10}{\376\377\000N\000u\000m\000e\000r\000i\000\040\000q\000u\000a\000n\000t\000i\000c\000i\000\040\000e\000\040\000o\000r\000b\000i\000t\000a\000l\000i}{chapter.3}% 41
\BOOKMARK [1][-]{section.3.11}{\376\377\000L\000i\000v\000e\000l\000l\000i\000\040\000e\000n\000e\000r\000g\000e\000t\000i\000c\000i\000\040\000d\000e\000l\000l\000'\000a\000t\000o\000m\000o\000\040\000d\000i\000\040\000i\000d\000r\000o\000g\000e\000n\000o}{chapter.3}% 42
\BOOKMARK [1][-]{section.3.12}{\376\377\000N\000u\000m\000e\000r\000i\000\040\000q\000u\000a\000n\000t\000i\000c\000i\000\040\000e\000\040\000i\000l\000\040\000p\000r\000i\000n\000c\000i\000p\000i\000o\000\040\000d\000i\000\040\000e\000s\000c\000l\000u\000s\000i\000o\000n\000e\000\040\000d\000i\000\040\000P\000a\000u\000l\000i}{chapter.3}% 43
\BOOKMARK [1][-]{section.3.13}{\376\377\000S\000c\000h\000e\000r\000m\000a\000t\000u\000r\000a\000\040\000e\000d\000\040\000e\000n\000e\000r\000g\000i\000a\000\040\000d\000e\000g\000l\000i\000\040\000o\000r\000b\000i\000t\000a\000l\000i}{chapter.3}% 44
\BOOKMARK [1][-]{section.3.14}{\376\377\000P\000e\000n\000e\000t\000r\000a\000z\000i\000o\000n\000e\000\040\000e\000d\000\040\000e\000n\000e\000r\000g\000i\000a\000\040\000d\000e\000i\000\040\000s\000o\000t\000t\000o\000l\000i\000v\000e\000l\000l\000i}{chapter.3}% 45
\BOOKMARK [1][-]{section.3.15}{\376\377\000S\000e\000p\000a\000r\000a\000z\000i\000o\000n\000e\000\040\000d\000e\000i\000\040\000l\000i\000v\000e\000l\000l\000i\000\040\000i\000n\000\040\000s\000o\000t\000t\000o\000l\000i\000v\000e\000l\000l\000i}{chapter.3}% 46
\BOOKMARK [1][-]{section.3.16}{\376\377\000C\000o\000n\000f\000i\000g\000u\000r\000a\000z\000i\000o\000n\000e\000\040\000e\000l\000e\000t\000t\000r\000o\000n\000i\000c\000a\000\040\000e\000\040\000d\000i\000a\000g\000r\000a\000m\000m\000i\000\040\000d\000e\000g\000l\000i\000\040\000o\000r\000b\000i\000t\000a\000l\000i}{chapter.3}% 47
\BOOKMARK [1][-]{section.3.17}{\376\377\000C\000o\000n\000f\000i\000g\000u\000r\000a\000z\000i\000o\000n\000i\000\040\000e\000l\000e\000t\000t\000r\000o\000n\000i\000c\000h\000e\000\040\000e\000n\000t\000r\000o\000\040\000i\000\040\000g\000r\000u\000p\000p\000i}{chapter.3}% 48
\BOOKMARK [1][-]{section.3.18}{\376\377\000C\000l\000a\000s\000s\000i\000f\000i\000c\000a\000z\000i\000o\000n\000e\000\040\000d\000e\000g\000l\000i\000\040\000e\000l\000e\000t\000t\000r\000o\000n\000i}{chapter.3}% 49
\BOOKMARK [1][-]{section.3.19}{\376\377\000C\000a\000r\000i\000c\000a\000\040\000n\000u\000c\000l\000e\000a\000r\000e\000\040\000e\000f\000f\000i\000c\000a\000c\000e}{chapter.3}% 50
\BOOKMARK [1][-]{section.3.20}{\376\377\000R\000a\000g\000g\000i\000o\000\040\000m\000e\000t\000a\000l\000l\000i\000c\000o\000\040\000e\000\040\000r\000a\000g\000g\000i\000o\000\040\000c\000o\000v\000a\000l\000e\000n\000t\000e}{chapter.3}% 51
\BOOKMARK [1][-]{section.3.21}{\376\377\000T\000e\000n\000d\000e\000n\000z\000e\000\040\000n\000e\000i\000\040\000r\000a\000g\000g\000i\000\040\000a\000t\000o\000m\000i\000c\000i}{chapter.3}% 52
\BOOKMARK [1][-]{section.3.22}{\376\377\000T\000e\000n\000d\000e\000n\000z\000e\000\040\000d\000e\000l\000l\000'\000e\000n\000e\000r\000g\000i\000a\000\040\000d\000i\000\040\000i\000o\000n\000i\000z\000z\000a\000z\000i\000o\000n\000e}{chapter.3}% 53
\BOOKMARK [1][-]{section.3.23}{\376\377\000T\000e\000n\000d\000e\000n\000z\000e\000\040\000n\000e\000l\000l\000'\000a\000f\000f\000i\000n\000i\000t\000\340\000\040\000e\000l\000e\000t\000t\000r\000o\000n\000i\000c\000a}{chapter.3}% 54
