\BOOKMARK [0][-]{chapter.1}{\376\377\000L\000a\000\040\000c\000r\000i\000s\000i\000\040\000d\000e\000l\000l\000a\000\040\000f\000i\000s\000i\000c\000a\000\040\000c\000l\000a\000s\000s\000i\000c\000a}{}% 1
\BOOKMARK [1][-]{section.1.1}{\376\377\000C\000o\000r\000p\000o\000\040\000n\000e\000r\000o}{chapter.1}% 2
\BOOKMARK [1][-]{section.1.2}{\376\377\000E\000f\000f\000e\000t\000t\000o\000\040\000f\000o\000t\000o\000e\000l\000e\000t\000t\000r\000i\000c\000o}{chapter.1}% 3
\BOOKMARK [1][-]{section.1.3}{\376\377\000E\000f\000f\000e\000t\000t\000o\000\040\000C\000o\000m\000p\000t\000o\000n}{chapter.1}% 4
\BOOKMARK [1][-]{section.1.4}{\376\377\000S\000p\000e\000t\000t\000r\000i\000\040\000a\000t\000o\000m\000i\000c\000i}{chapter.1}% 5
\BOOKMARK [1][-]{section.1.5}{\376\377\000I\000n\000t\000e\000r\000f\000e\000r\000e\000n\000z\000a\000\040\000e\000\040\000d\000i\000f\000f\000r\000a\000z\000i\000o\000n\000e\000\040\000o\000n\000d\000e\000\040\000e\000l\000e\000t\000t\000r\000o\000m\000a\000g\000n\000e\000t\000i\000c\000h\000e}{chapter.1}% 6
\BOOKMARK [1][-]{section.1.6}{\376\377\000L\000a\000\040\000p\000o\000l\000a\000r\000i\000z\000z\000a\000z\000i\000o\000n\000e\000\040\000d\000e\000l\000l\000a\000\040\000l\000u\000c\000e}{chapter.1}% 7
\BOOKMARK [1][-]{section.1.7}{\376\377\000D\000e\000\040\000B\000r\000o\000g\000l\000i\000e}{chapter.1}% 8
\BOOKMARK [0][-]{chapter.2}{\376\377\000I\000l\000\040\000p\000r\000i\000n\000c\000i\000p\000i\000o\000\040\000d\000i\000\040\000i\000n\000d\000e\000t\000e\000r\000m\000i\000n\000a\000z\000i\000o\000n\000e}{}% 9
\BOOKMARK [0][-]{chapter.3}{\376\377\000L\000'\000e\000q\000u\000a\000z\000i\000o\000n\000e\000\040\000d\000i\000\040\000S\000c\000h\000r\000o\000d\000i\000n\000g\000e\000r}{}% 10
\BOOKMARK [1][-]{section.3.1}{\376\377\000E\000q\000u\000a\000z\000i\000o\000n\000e\000\040\000d\000i\000\040\000S\000c\000h\000r\000o\000d\000i\000n\000g\000e\000r\000\040\000p\000e\000r\000\040\000u\000n\000a\000\040\000p\000a\000r\000t\000i\000c\000e\000l\000l\000a\000\040\000l\000i\000b\000e\000r\000a}{chapter.3}% 11
\BOOKMARK [1][-]{section.3.2}{\376\377\000E\000q\000u\000a\000z\000i\000o\000n\000e\000\040\000d\000i\000\040\000S\000c\000h\000r\000o\000d\000i\000n\000g\000e\000r\000\040\000p\000e\000r\000\040\000u\000n\000\040\000p\000o\000t\000e\000n\000z\000i\000a\000l\000e\000\040\000a\000r\000b\000i\000t\000r\000a\000r\000i\000o\000\040\000V\000\050\000x\000\051}{chapter.3}% 12
\BOOKMARK [0][-]{chapter.4}{\376\377\000C\000o\000n\000s\000e\000r\000v\000a\000z\000i\000o\000n\000e\000\040\000l\000o\000c\000a\000l\000e\000\040\000p\000r\000o\000b\000a\000b\000i\000l\000i\000t\000\340\000\040\000e\000d\000\040\000e\000q\000u\000a\000z\000i\000o\000n\000e\000\040\000d\000i\000\040\000c\000o\000n\000t\000i\000n\000u\000i\000t\000\340}{}% 13
\BOOKMARK [0][-]{chapter.5}{\376\377\000C\000o\000n\000s\000i\000d\000e\000r\000a\000z\000i\000o\000n\000e\000\040\000s\000u\000g\000l\000i\000\040\000o\000p\000e\000r\000a\000t\000o\000r\000i\000:\000\040\000p\000a\000r\000t\000e\000\040\000I}{}% 14
\BOOKMARK [0][-]{chapter.6}{\376\377\000P\000o\000t\000e\000n\000z\000i\000a\000l\000i\000\040\000i\000n\000d\000i\000p\000e\000n\000d\000e\000n\000t\000i\000\040\000d\000a\000l\000\040\000t\000e\000m\000p\000o\000\040\000e\000\040\000s\000t\000a\000t\000i\000\040\000s\000t\000a\000z\000i\000o\000n\000a\000r\000i}{}% 15
\BOOKMARK [0][-]{chapter.7}{\376\377\000P\000r\000o\000p\000r\000i\000e\000t\000\340\000\040\000s\000o\000l\000u\000z\000i\000o\000n\000i\000\040\000i\000n\000\040\0001\000\040\000d\000i\000m\000e\000n\000s\000i\000o\000n\000e}{}% 16
\BOOKMARK [0][-]{chapter.8}{\376\377\000C\000o\000n\000s\000i\000d\000e\000r\000a\000z\000i\000o\000n\000i\000\040\000s\000u\000g\000l\000i\000\040\000o\000p\000e\000r\000a\000t\000o\000r\000i\000:\000\040\000p\000a\000r\000t\000e\000\040\000I\000I}{}% 17
\BOOKMARK [0][-]{chapter.9}{\376\377\000I\000\040\000p\000o\000s\000t\000u\000l\000a\000t\000i\000\040\000d\000e\000l\000l\000a\000\040\000m\000e\000c\000c\000a\000n\000i\000c\000a\000\040\000q\000u\000a\000n\000t\000i\000s\000t\000i\000c\000a}{}% 18
\BOOKMARK [0][-]{chapter.10}{\376\377\000R\000i\000c\000h\000i\000a\000m\000i\000\040\000s\000p\000a\000z\000i\000\040\000d\000i\000\040\000H\000i\000l\000b\000e\000r\000t}{}% 19
\BOOKMARK [0][-]{chapter.11}{\376\377\000O\000s\000c\000i\000l\000l\000a\000t\000o\000r\000e\000\040\000a\000r\000m\000o\000n\000i\000c\000o}{}% 20
\BOOKMARK [1][-]{section.11.1}{\376\377\000R\000i\000c\000e\000r\000c\000a\000\040\000s\000p\000e\000t\000t\000r\000o\000\040\000d\000i\000\040\000N}{chapter.11}% 21
\BOOKMARK [1][-]{section.11.2}{\376\377\000R\000a\000p\000p\000r\000e\000s\000e\000n\000t\000a\000z\000i\000o\000n\000e\000\040\000d\000e\000g\000l\000i\000\040\000s\000t\000a\000t\000i}{chapter.11}% 22
\BOOKMARK [1][-]{section.11.3}{\376\377\000T\000r\000o\000v\000a\000r\000e\000\040\000r\000a\000p\000p\000r\000e\000s\000e\000n\000t\000a\000z\000i\000o\000n\000e\000\040\000d\000e\000l\000l\000o\000\040\000s\000t\000a\000t\000o\000\040\000f\000o\000n\000d\000a\000m\000e\000n\000t\000a\000l\000e}{chapter.11}% 23
\BOOKMARK [1][-]{section.11.4}{\376\377\000R\000a\000p\000p\000r\000e\000s\000e\000n\000t\000a\000z\000i\000o\000n\000e\000\040\000m\000a\000t\000r\000i\000c\000i\000a\000l\000e}{chapter.11}% 24
\BOOKMARK [1][-]{section.11.5}{\376\377\000O\000s\000c\000i\000l\000l\000a\000t\000o\000r\000e\000\040\000a\000r\000m\000o\000n\000i\000c\000o\000\040\0003\000D}{chapter.11}% 25
\BOOKMARK [0][-]{chapter.12}{\376\377\000O\000s\000s\000e\000r\000v\000a\000b\000i\000l\000i\000\040\000c\000o\000m\000p\000a\000t\000i\000b\000i\000l\000i\000\040\000e\000\040\000i\000n\000c\000o\000m\000p\000a\000t\000i\000b\000i\000l\000i}{}% 26
\BOOKMARK [0][-]{chapter.13}{\376\377\000E\000v\000o\000l\000u\000z\000i\000o\000n\000e\000\040\000t\000e\000m\000p\000o\000r\000a\000l\000e\000\040\000d\000e\000l\000\040\000v\000a\000l\000o\000r\000\040\000m\000e\000d\000i\000o\000\040\000d\000i\000\040\000u\000n\000'\000o\000s\000s\000e\000r\000v\000a\000b\000i\000l\000e}{}% 27
\BOOKMARK [0][-]{chapter.14}{\376\377\000L\000i\000m\000i\000t\000e\000\040\000c\000l\000a\000s\000s\000i\000c\000o\000\040\000e\000\040\000t\000e\000o\000r\000e\000m\000a\000\040\000d\000i\000\040\000E\000h\000r\000e\000n\000f\000e\000s\000t}{}% 28
\BOOKMARK [0][-]{chapter.15}{}{}% 29
\BOOKMARK [0][-]{chapter.16}{\376\377\000G\000l\000i\000\040\000a\000t\000o\000m\000i\000\040\000i\000d\000r\000o\000g\000e\000n\000o\000i\000d\000i\000:\000\040\000p\000r\000i\000m\000a\000\040\000a\000p\000p\000r\000o\000s\000s\000i\000m\000a\000z\000i\000o\000n\000e}{}% 30
\BOOKMARK [0][-]{chapter.17}{\376\377\000F\000o\000r\000m\000u\000l\000e}{}% 31
\BOOKMARK [1][-]{section.17.1}{\376\377\000E\000q\000u\000a\000z\000i\000o\000n\000e\000\040\000S\000c\000h\000r\000o\000d\000i\000n\000g\000e\000r\000\040\000p\000e\000r\000\040\000u\000n\000a\000\040\000p\000a\000r\000t\000i\000c\000e\000l\000l\000a\000\040\000l\000i\000b\000e\000r\000a\000\040\0001\000D}{chapter.17}% 32
\BOOKMARK [1][-]{section.17.2}{\376\377\000E\000q\000u\000a\000z\000i\000o\000n\000e\000\040\000S\000c\000h\000r\000o\000d\000i\000n\000g\000e\000r\000\040\000p\000e\000r\000\040\000u\000n\000\040\000p\000o\000t\000e\000n\000z\000i\000a\000l\000e\000\040\000a\000r\000b\000i\000t\000r\000a\000r\000i\000o\000\040\000V\000\050\000x\000\051}{chapter.17}% 33
\BOOKMARK [2][-]{subsection.17.2.1}{\376\377\0001\000D}{section.17.2}% 34
\BOOKMARK [2][-]{subsection.17.2.2}{\376\377\0003\000D}{section.17.2}% 35
\BOOKMARK [1][-]{section.17.3}{\376\377\000O\000p\000e\000r\000a\000t\000o\000r\000i}{chapter.17}% 36
\BOOKMARK [2][-]{subsection.17.3.1}{\376\377\000R\000a\000p\000p\000r\000e\000s\000e\000n\000t\000a\000z\000i\000o\000n\000e\000\040\000c\000o\000o\000r\000d\000i\000n\000a\000t\000e}{section.17.3}% 37
\BOOKMARK [2][-]{subsection.17.3.2}{\376\377\000R\000a\000p\000p\000r\000e\000s\000e\000n\000t\000a\000z\000i\000o\000n\000e\000\040\000m\000o\000m\000e\000n\000t\000i}{section.17.3}% 38
\BOOKMARK [2][-]{subsection.17.3.3}{\376\377\000A\000p\000p\000l\000i\000c\000a\000z\000i\000o\000n\000e\000\040\000o\000p\000e\000r\000a\000t\000o\000r\000i\000\040\000s\000u\000\040\000s\000t\000a\000t\000i}{section.17.3}% 39
\BOOKMARK [1][-]{section.17.4}{\376\377\000C\000o\000m\000m\000u\000t\000a\000t\000o\000r\000e}{chapter.17}% 40
\BOOKMARK [1][-]{section.17.5}{\376\377\000S\000t\000a\000t\000i\000\040\000s\000t\000a\000z\000i\000o\000n\000a\000r\000i}{chapter.17}% 41
\BOOKMARK [1][-]{section.17.6}{\376\377\000C\000o\000n\000t\000i\000n\000u\000i\000t\000\340\000\040\000d\000e\000l\000l\000a\000\040\000f\000u\000n\000z\000i\000o\000n\000e\000\040\000d\000'\000o\000n\000d\000a\000\040\000e\000\040\000d\000e\000l\000l\000a\000\040\000d\000e\000r\000i\000v\000a\000t\000a}{chapter.17}% 42
\BOOKMARK [1][-]{section.17.7}{\376\377\000S\000o\000l\000u\000z\000i\000o\000n\000e\000\040\000e\000q\000u\000a\000z\000i\000o\000n\000e\000\040\000s\000t\000a\000t\000i\000\040\000s\000t\000a\000z\000i\000o\000n\000a\000r\000i}{chapter.17}% 43
\BOOKMARK [1][-]{section.17.8}{\376\377\000P\000a\000r\000t\000i\000c\000e\000l\000l\000a\000\040\000i\000n\000\040\000u\000n\000a\000\040\000s\000c\000a\000t\000o\000l\000a\000\040\000c\000o\000n\000\040\000p\000o\000t\000e\000n\000z\000i\000a\000l\000e\000\040\000i\000n\000f\000i\000n\000i\000t\000o}{chapter.17}% 44
\BOOKMARK [2][-]{subsection.17.8.1}{\376\377\000E\000n\000e\000r\000g\000i\000a}{section.17.8}% 45
\BOOKMARK [2][-]{subsection.17.8.2}{\376\377\000A\000u\000t\000o\000f\000u\000n\000z\000i\000o\000n\000i}{section.17.8}% 46
\BOOKMARK [1][-]{section.17.9}{\376\377\000E\000v\000o\000l\000u\000z\000i\000o\000n\000e\000\040\000t\000e\000m\000p\000o\000r\000a\000l\000e}{chapter.17}% 47
\BOOKMARK [1][-]{section.17.10}{\376\377\000O\000s\000c\000i\000l\000l\000a\000t\000o\000r\000e\000\040\000a\000r\000m\000o\000n\000i\000c\000o}{chapter.17}% 48
\BOOKMARK [2][-]{subsection.17.10.1}{\376\377\000H\000a\000m\000i\000l\000t\000o\000n\000i\000a\000n\000a}{section.17.10}% 49
\BOOKMARK [2][-]{subsection.17.10.2}{\376\377\000E\000n\000e\000r\000g\000i\000a}{section.17.10}% 50
\BOOKMARK [0][-]{chapter.18}{\376\377\000P\000e\000r\000\040\000e\000s\000a\000m\000e}{}% 51
\BOOKMARK [1][-]{section.18.1}{\376\377\000T\000r\000a\000f\000o\000r\000m\000a\000t\000a\000\040\000d\000i\000\040\000F\000o\000u\000r\000i\000e\000r}{chapter.18}% 52
\BOOKMARK [1][-]{section.18.2}{\376\377\000R\000a\000p\000p\000r\000e\000s\000e\000n\000t\000a\000z\000i\000o\000n\000e\000\040\000c\000o\000o\000r\000d\000i\000n\000a\000t\000e}{chapter.18}% 53
\BOOKMARK [1][-]{section.18.3}{\376\377\000R\000a\000p\000p\000r\000e\000s\000e\000n\000t\000a\000z\000i\000o\000n\000e\000\040\000c\000o\000o\000r\000d\000i\000n\000a\000t\000e}{chapter.18}% 54
\BOOKMARK [1][-]{section.18.4}{\376\377\000O\000p\000e\000r\000a\000t\000o\000r\000e\000\040\000h\000a\000m\000i\000l\000t\000o\000n\000i\000a\000n\000a}{chapter.18}% 55
\BOOKMARK [1][-]{section.18.5}{\376\377\000V\000a\000l\000o\000r\000\040\000m\000e\000d\000i\000o}{chapter.18}% 56
\BOOKMARK [1][-]{section.18.6}{\376\377\000B\000u\000c\000h\000e\000\040\000d\000i\000\040\000p\000o\000t\000e\000n\000z\000i\000a\000l\000e}{chapter.18}% 57
\BOOKMARK [1][-]{section.18.7}{\376\377\000E\000q\000u\000a\000z\000i\000o\000n\000e\000\040\000S\000c\000h\000r\000o\000d\000i\000n\000g\000e\000r}{chapter.18}% 58
\BOOKMARK [1][-]{section.18.8}{\376\377\000O\000s\000c\000i\000l\000l\000a\000t\000o\000r\000e\000\040\000a\000r\000m\000o\000n\000i\000c\000o}{chapter.18}% 59
\BOOKMARK [1][-]{section.18.9}{\376\377\000F\000o\000r\000m\000u\000l\000e\000\040\000t\000r\000i\000g\000o\000n\000o\000m\000e\000t\000r\000i\000c\000h\000e}{chapter.18}% 60
