\BOOKMARK [-1][-]{part.1}{\376\377\000I\000\040\000A\000n\000a\000l\000i\000s\000i\000\040\000c\000o\000m\000p\000l\000e\000s\000s\000a}{}% 1
\BOOKMARK [0][-]{chapter.1}{\376\377\000N\000u\000m\000e\000r\000i\000\040\000c\000o\000m\000p\000l\000e\000s\000s\000i}{part.1}% 2
\BOOKMARK [1][-]{section.1.1}{\376\377\000P\000i\000a\000n\000o\000\040\000c\000o\000m\000p\000l\000e\000s\000s\000o\000\040\000\050\000A\000r\000m\000a\000n\000d\000-\000G\000a\000u\000s\000s\000\051}{chapter.1}% 3
\BOOKMARK [0][-]{chapter.2}{\376\377\000F\000u\000n\000z\000i\000o\000n\000i\000\040\000c\000o\000m\000p\000l\000e\000s\000s\000e}{part.1}% 4
\BOOKMARK [1][-]{section.2.1}{\376\377\000C\000o\000n\000d\000i\000z\000i\000o\000n\000i\000\040\000d\000i\000\040\000C\000a\000u\000c\000h\000y\000-\000R\000i\000e\000m\000a\000n\000n}{chapter.2}% 5
\BOOKMARK [1][-]{section.2.2}{\376\377\000P\000r\000o\000i\000e\000z\000i\000o\000n\000e\000\040\000s\000t\000e\000r\000e\000o\000g\000r\000a\000f\000i\000c\000a\000\040\000e\000\040\000p\000u\000n\000t\000o\000\040\000a\000l\000l\000'\000i\000n\000f\000i\000n\000i\000t\000o}{chapter.2}% 6
\BOOKMARK [1][-]{section.2.3}{\376\377\000S\000i\000n\000g\000o\000l\000a\000r\000i\000t\000\340}{chapter.2}% 7
\BOOKMARK [0][-]{chapter.3}{\376\377\000S\000u\000p\000e\000r\000f\000i\000c\000i\000\040\000d\000i\000\040\000R\000i\000e\000a\000m\000a\000n\000n}{part.1}% 8
\BOOKMARK [0][-]{chapter.4}{\376\377\000I\000n\000t\000e\000g\000r\000a\000z\000i\000o\000n\000e\000\040\000s\000u\000l\000\040\000p\000i\000a\000n\000o\000\040\000c\000o\000m\000p\000l\000e\000s\000s\000o}{part.1}% 9
\BOOKMARK [1][-]{section.4.1}{\376\377\000C\000u\000r\000v\000e}{chapter.4}% 10
\BOOKMARK [1][-]{section.4.2}{\376\377\000I\000n\000t\000e\000g\000r\000a\000l\000e\000\040\000d\000i\000\040\000l\000i\000n\000e\000a}{chapter.4}% 11
\BOOKMARK [1][-]{section.4.3}{\376\377\000V\000a\000l\000o\000r\000e\000\040\000p\000r\000i\000n\000c\000i\000p\000a\000l\000e\000\040\000i\000n\000t\000e\000g\000r\000a\000l\000e}{chapter.4}% 12
\BOOKMARK [0][-]{chapter.5}{\376\377\000F\000o\000r\000m\000e\000\040\000d\000i\000f\000f\000e\000r\000e\000n\000z\000i\000a\000l\000i}{part.1}% 13
\BOOKMARK [1][-]{section.5.1}{\376\377\000R\000e\000l\000a\000z\000i\000o\000n\000e\000\040\000t\000r\000a\000\040\000f\000o\000r\000m\000e\000\040\000d\000i\000f\000f\000e\000r\000e\000n\000z\000i\000a\000l\000i\000\040\000e\000\040\000c\000a\000m\000p\000i\000\040\000v\000e\000t\000t\000o\000r\000i\000a\000l\000i}{chapter.5}% 14
\BOOKMARK [1][-]{section.5.2}{\376\377\000F\000o\000r\000m\000u\000l\000a\000\040\000i\000n\000t\000e\000g\000r\000a\000l\000e\000\040\000d\000i\000\040\000C\000a\000u\000c\000h\000y}{chapter.5}% 15
\BOOKMARK [1][-]{section.5.3}{\376\377\000S\000e\000r\000i\000e\000\040\000d\000i\000\040\000L\000a\000u\000r\000e\000n\000t}{chapter.5}% 16
\BOOKMARK [1][-]{section.5.4}{\376\377\000P\000r\000o\000l\000u\000n\000g\000a\000m\000e\000n\000t\000o\000\040\000a\000n\000a\000l\000i\000t\000i\000c\000o}{chapter.5}% 17
\BOOKMARK [2][-]{subsection.5.4.1}{\376\377\000M\000a\000s\000s\000i\000m\000o\000\040\000d\000o\000m\000i\000n\000i\000o\000\040\000d\000i\000\040\000o\000l\000o\000m\000o\000r\000f\000i\000a}{section.5.4}% 18
\BOOKMARK [1][-]{section.5.5}{\376\377\000R\000e\000s\000i\000d\000u\000i}{chapter.5}% 19
\BOOKMARK [2][-]{subsection.5.5.1}{\376\377\000R\000e\000s\000i\000d\000u\000o\000\040\000a\000l\000l\000'\000i\000n\000f\000i\000n\000i\000t\000o}{section.5.5}% 20
\BOOKMARK [1][-]{section.5.6}{\376\377\000V\000a\000l\000o\000r\000e\000\040\000p\000r\000i\000n\000c\000i\000p\000a\000l\000e\000\040\000d\000i\000\040\000C\000a\000u\000c\000h\000y}{chapter.5}% 21
\BOOKMARK [0][-]{chapter.6}{\376\377\000P\000r\000o\000p\000r\000i\000e\000t\000\340\000\040\000m\000a\000p\000p\000i\000n\000g}{part.1}% 22
\BOOKMARK [1][-]{section.6.1}{\376\377\000T\000r\000a\000s\000f\000o\000r\000m\000a\000z\000i\000o\000n\000i\000\040\000l\000i\000n\000e\000a\000r\000i\000\040\000f\000r\000a\000t\000t\000e}{chapter.6}% 23
\BOOKMARK [-1][-]{part.2}{\376\377\000I\000I\000\040\000S\000p\000a\000z\000i\000\040\000f\000u\000n\000z\000i\000o\000n\000a\000l\000i}{}% 24
\BOOKMARK [0][-]{chapter.7}{\376\377\000S\000p\000a\000z\000i\000\040\000n\000o\000r\000m\000a\000t\000i}{part.2}% 25
\BOOKMARK [0][-]{chapter.8}{\376\377\000S\000p\000a\000z\000i\000\040\000d\000i\000\040\000H\000i\000l\000b\000e\000r\000t\000\040\000i\000n\000f\000i\000n\000i\000t\000o\000\040\000d\000i\000m\000e\000n\000s\000i\000o\000n\000a\000l\000i}{part.2}% 26
\BOOKMARK [1][-]{section.8.1}{\376\377\000I\000n\000t\000e\000g\000r\000a\000l\000i}{chapter.8}% 27
\BOOKMARK [0][-]{chapter.9}{\376\377\000S\000p\000a\000z\000i\000o\000\040\000U}{part.2}% 28
\BOOKMARK [1][-]{section.9.1}{\376\377\000S\000p\000a\000z\000i\000\040\000U}{chapter.9}% 29
\BOOKMARK [0][-]{chapter.10}{\376\377\000B\000a\000s\000i\000\040\000d\000i\000\040\000H\000i\000l\000b\000e\000r\000t\000\040\000e\000d\000\040\000e\000s\000p\000a\000n\000s\000i\000o\000n\000e\000\040\000d\000i\000\040\000F\000o\000u\000r\000i\000e\000r}{part.2}% 30
\BOOKMARK [1][-]{section.10.1}{\376\377\000B\000a\000s\000i\000\040\000o\000r\000t\000o\000n\000o\000r\000m\000a\000l\000i}{chapter.10}% 31
\BOOKMARK [1][-]{section.10.2}{\376\377\000C\000o\000n\000v\000e\000r\000g\000e\000n\000z\000a\000\040\000p\000u\000n\000t\000u\000a\000l\000e}{chapter.10}% 32
\BOOKMARK [0][-]{chapter.11}{\376\377\000P\000o\000l\000i\000n\000o\000m\000i\000\040\000o\000r\000t\000o\000n\000o\000r\000m\000a\000l\000i}{part.2}% 33
\BOOKMARK [1][-]{section.11.1}{\376\377\000P\000o\000l\000i\000n\000o\000m\000i\000\040\000d\000i\000\040\000L\000e\000g\000e\000n\000d\000r\000e}{chapter.11}% 34
\BOOKMARK [1][-]{section.11.2}{\376\377\000P\000o\000l\000i\000n\000o\000m\000i\000\040\000d\000i\000\040\000L\000a\000g\000u\000e\000r\000r\000e}{chapter.11}% 35
\BOOKMARK [1][-]{section.11.3}{\376\377\000P\000o\000l\000i\000n\000o\000m\000i\000\040\000d\000i\000\040\000H\000e\000r\000m\000i\000t\000e}{chapter.11}% 36
\BOOKMARK [0][-]{chapter.12}{\376\377\000T\000r\000a\000s\000f\000o\000r\000m\000a\000t\000a\000\040\000d\000i\000\040\000F\000o\000u\000r\000i\000e\000r}{part.2}% 37
\BOOKMARK [1][-]{section.12.1}{\376\377\000G\000a\000u\000s\000s\000i\000a\000n\000a}{chapter.12}% 38
\BOOKMARK [1][-]{section.12.2}{\376\377\000F\000u\000n\000z\000i\000o\000n\000e\000\040\000c\000a\000r\000a\000t\000t\000e\000r\000i\000s\000t\000i\000c\000a}{chapter.12}% 39
\BOOKMARK [1][-]{section.12.3}{\376\377\000L\000o\000r\000e\000n\000z\000t\000i\000a\000n\000a}{chapter.12}% 40
\BOOKMARK [1][-]{section.12.4}{\376\377\000P\000r\000o\000p\000r\000i\000e\000t\000\340\000\040\000t\000r\000a\000s\000f\000o\000r\000m\000a\000t\000a\000\040\000d\000i\000\040\000F\000o\000u\000r\000i\000e\000r}{chapter.12}% 41
\BOOKMARK [1][-]{section.12.5}{\376\377\000T\000r\000a\000s\000f\000o\000r\000m\000a\000t\000a\000\040\000d\000i\000\040\000F\000o\000u\000r\000i\000e\000r\000\040\000i\000n\000v\000e\000r\000s\000a}{chapter.12}% 42
\BOOKMARK [1][-]{section.12.6}{\376\377\000T\000r\000a\000s\000f\000o\000r\000m\000a\000t\000a\000\040\000d\000i\000\040\000F\000o\000u\000r\000i\000e\000r\000\040\000i\000n\000\040\000U}{chapter.12}% 43
\BOOKMARK [-1][-]{part.3}{\376\377\000I\000I\000I\000\040\000D\000i\000s\000t\000r\000i\000b\000u\000z\000i\000o\000n\000i}{}% 44
\BOOKMARK [0][-]{chapter.13}{\376\377\000L\000o\000\040\000s\000p\000a\000z\000i\000o\000\040\000d\000e\000l\000l\000e\000\040\000f\000u\000n\000z\000i\000o\000n\000i\000\040\000d\000i\000\040\000p\000r\000o\000v\000a}{part.3}% 45
\BOOKMARK [1][-]{section.13.1}{\376\377\000S\000p\000a\000z\000i\000o\000\040\000U}{chapter.13}% 46
\BOOKMARK [1][-]{section.13.2}{\376\377\000S\000p\000a\000z\000i\000o\000\040\000U}{chapter.13}% 47
\BOOKMARK [0][-]{chapter.14}{\376\377\000D\000i\000s\000t\000r\000i\000b\000u\000z\000i\000o\000n\000i\000\040\000r\000e\000g\000o\000l\000a\000r\000i}{part.3}% 48
\BOOKMARK [0][-]{chapter.15}{\376\377\000D\000i\000s\000t\000r\000i\000b\000u\000z\000i\000o\000n\000i\000\040\000s\000i\000n\000g\000o\000l\000a\000r\000i}{part.3}% 49
\BOOKMARK [1][-]{section.15.1}{\376\377\000D\000e\000l\000t\000a\000\040\000d\000i\000\040\000D\000i\000r\000a\000c}{chapter.15}% 50
\BOOKMARK [1][-]{section.15.2}{\376\377\000P\000r\000i\000n\000c\000i\000p\000a\000l\000\040\000v\000a\000l\000u\000e}{chapter.15}% 51
\BOOKMARK [0][-]{chapter.16}{\376\377\000L\000i\000m\000i\000t\000i\000\040\000d\000i\000\040\000d\000i\000s\000t\000r\000i\000b\000u\000z\000i\000o\000n\000i\000\040}{part.3}% 52
\BOOKMARK [0][-]{chapter.17}{\376\377\000O\000p\000e\000r\000a\000z\000i\000o\000n\000i\000\040\000s\000u\000l\000l\000e\000\040\000d\000i\000s\000t\000r\000i\000b\000u\000z\000i\000o\000n\000i}{part.3}% 53
\BOOKMARK [1][-]{section.17.1}{\376\377\000C\000a\000m\000b\000i\000o\000\040\000d\000i\000\040\000v\000a\000r\000i\000a\000b\000i\000l\000i}{chapter.17}% 54
\BOOKMARK [1][-]{section.17.2}{\376\377\000M\000o\000l\000t\000i\000p\000l\000i\000c\000a\000z\000i\000o\000n\000e\000\040\000d\000i\000s\000t\000r\000i\000b\000u\000z\000i\000o\000n\000e\000\040\000p\000e\000r\000\040\000u\000n\000a\000\040\000f\000u\000n\000z\000i\000o\000n\000e\000\040\000U}{chapter.17}% 55
\BOOKMARK [1][-]{section.17.3}{\376\377\000C\000o\000m\000p\000l\000e\000s\000s\000o\000\040\000c\000o\000n\000i\000u\000g\000a\000t\000o\000\040\000d\000i\000s\000t\000r\000i\000b\000u\000z\000i\000o\000n\000e}{chapter.17}% 56
\BOOKMARK [1][-]{section.17.4}{\376\377\000D\000e\000r\000i\000v\000a\000t\000a\000\040\000d\000i\000\040\000u\000n\000a\000\040\000d\000i\000s\000t\000r\000i\000b\000u\000z\000i\000o\000n\000e}{chapter.17}% 57
\BOOKMARK [1][-]{section.17.5}{\376\377\000C\000o\000n\000v\000o\000l\000u\000z\000i\000o\000n\000e\000\040\000d\000i\000\040\000d\000i\000s\000t\000r\000i\000b\000u\000z\000i\000o\000n\000i}{chapter.17}% 58
\BOOKMARK [0][-]{chapter.18}{\376\377\000O\000p\000e\000r\000a\000t\000o\000r\000i\000\040\000s\000u\000\040\000s\000p\000a\000z\000i\000\040\000f\000i\000n\000i\000t\000o\000\040\000d\000i\000m\000e\000n\000s\000i\000o\000n\000a\000l\000i}{part.3}% 59
\BOOKMARK [1][-]{section.18.1}{\376\377\000S\000p\000a\000z\000i\000o\000\040\000d\000u\000a\000l\000e}{chapter.18}% 60
\BOOKMARK [1][-]{section.18.2}{\376\377\000T\000e\000o\000r\000i\000a\000\040\000s\000p\000e\000t\000t\000r\000a\000l\000e}{chapter.18}% 61
\BOOKMARK [1][-]{section.18.3}{\376\377\000F\000u\000n\000z\000i\000o\000n\000i\000\040\000d\000i\000\040\000o\000p\000e\000r\000a\000t\000o\000r\000i}{chapter.18}% 62
\BOOKMARK [0][-]{chapter.19}{\376\377\000O\000p\000e\000r\000a\000t\000o\000r\000i\000\040\000l\000i\000n\000e\000a\000r\000i\000\040\000s\000u\000\040\000s\000p\000a\000z\000i\000\040\000d\000i\000\040\000H\000i\000l\000b\000e\000r\000t\000\040\000i\000n\000f\000i\000n\000i\000t\000o\000\040\000d\000i\000m\000e\000n\000s\000i\000o\000n\000a\000l\000i}{part.3}% 63
\BOOKMARK [1][-]{section.19.1}{\376\377\000O\000p\000e\000r\000a\000t\000o\000r\000i\000\040\000i\000l\000l\000i\000m\000i\000t\000a\000t\000i}{chapter.19}% 64
\BOOKMARK [0][-]{chapter.20}{\376\377\000O\000p\000e\000r\000a\000t\000o\000r\000i\000\040\000s\000u\000\040\000s\000p\000a\000z\000i\000\040\000d\000i\000\040\000H\000i\000l\000b\000e\000r\000t}{part.3}% 65
\BOOKMARK [1][-]{section.20.1}{\376\377\000S\000p\000a\000z\000i\000o\000\040\000d\000u\000a\000l\000e}{chapter.20}% 66
\BOOKMARK [1][-]{section.20.2}{\376\377\000A\000g\000g\000i\000u\000n\000t\000o\000\040\000d\000i\000\040\000u\000n\000\040\000o\000p\000e\000r\000a\000t\000o\000r\000e\000\040\000c\000o\000n\000t\000i\000n\000u\000o\000\040\000e\000\040\000l\000i\000m\000i\000t\000a\000t\000o}{chapter.20}% 67
\BOOKMARK [1][-]{section.20.3}{\376\377\000A\000g\000g\000i\000u\000n\000t\000o\000\040\000d\000i\000\040\000u\000n\000\040\000o\000p\000e\000r\000a\000t\000o\000r\000e\000\040\000n\000o\000n\000\040\000l\000i\000m\000i\000t\000a\000t\000o}{chapter.20}% 68
\BOOKMARK [1][-]{section.20.4}{\376\377\000O\000p\000e\000r\000a\000t\000o\000r\000i\000\040\000a\000u\000t\000o\000a\000g\000g\000i\000u\000n\000t\000i}{chapter.20}% 69
\BOOKMARK [1][-]{section.20.5}{\376\377\000O\000p\000e\000r\000a\000t\000o\000r\000i\000\040\000u\000n\000i\000t\000a\000r\000i}{chapter.20}% 70
\BOOKMARK [1][-]{section.20.6}{\376\377\000A\000u\000t\000o\000v\000a\000l\000o\000r\000i\000\040\000e\000\040\000t\000e\000o\000r\000i\000a\000\040\000s\000p\000e\000t\000t\000r\000a\000l\000e\000\040\000p\000e\000r\000\040\000o\000p\000e\000r\000a\000t\000o\000r\000i\000\040\000i\000n\000f\000i\000n\000i\000t\000o\000\040\000d\000i\000m\000e\000n\000s\000i\000o\000n\000a\000l\000i}{chapter.20}% 71
\BOOKMARK [1][-]{section.20.7}{\376\377\000S\000p\000e\000t\000t\000r\000o\000\040\000d\000i\000\040\000o\000p\000e\000r\000a\000t\000o\000r\000i\000\040\000a\000u\000t\000o\000a\000g\000g\000i\000u\000n\000t\000i\000\040\000o\000\040\000u\000n\000i\000t\000a\000r\000i}{chapter.20}% 72
\BOOKMARK [0][-]{chapter.21}{\376\377\000T\000r\000a\000s\000f\000o\000r\000m\000a\000t\000a\000\040\000d\000i\000\040\000L\000a\000p\000l\000a\000c\000e}{part.3}% 73
